[1] "--args" "10"    
********************************
********************************
The value of my_var is: 10
The value of my_var is: 1
The value of my_var is: 3
The value of my_var is: 2
The value of my_var is: 4
The value of my_var is: 5
The value of my_var is: 6
The value of my_var is: 8
The value of my_var is: 9
The value of my_var is: 7
The value of my_var is: 10
The value of my_var is: 1
The value of my_var is: 3
The value of my_var is: 2
The time is: 2024-01-12 10:13:07
The time is: 2024-01-12 10:13:07
The time is: 2024-01-12 10:13:07
The value of my_var is: 5
The value of my_var is: 4
The value of my_var is: 6
The time is: 2024-01-12 10:13:08
The time is: 2024-01-12 10:13:08
The time is: 2024-01-12 10:13:08
The value of my_var is: 7
The value of my_var is: 8
The time is: 2024-01-12 10:13:08
The value of my_var is: 9
The time is: 2024-01-12 10:13:08
The time is: 2024-01-12 10:13:08
The value of my_var is: 10
The time is: 2024-01-12 10:13:09
The value of my_var is: 1
The time is: 2024-01-12 09:48:15.797559
The value of my_var is: 2
The time is: 2024-01-12 09:48:18.995053
The value of my_var is: 3
The time is: 2024-01-12 09:48:22.389399
The value of my_var is: 4
The time is: 2024-01-12 09:48:25.513642
The value of my_var is: 5
The time is: 2024-01-12 09:48:28.55256
The value of my_var is: 6
The time is: 2024-01-12 09:48:31.839231
The value of my_var is: 7
The time is: 2024-01-12 09:48:35.032768
The value of my_var is: 8
The time is: 2024-01-12 09:48:38.251194
The value of my_var is: 9
The time is: 2024-01-12 09:48:41.608257
The value of my_var is: 10
The time is: 2024-01-12 09:48:44.902282
The value of my_var is: 1
The time is: 2024-01-12 09:48:53.718021
