[24469]  LandscapeDNDC 1.36 (revision 11671)  2024-05-29 01:17
[24469]  Tue Jul 16 04:59:52 CDT 2024
[24469]  running on host "ap" (192.168.1.84)
[  ] {0-03-01 00:00:00} ==== project "./GEOID_13023_Georgia_2_6_Rotation.ldndc" ====
[  ] {0-03-01 00:00:00} running crabmeat library version 0.13.0 (8221)
[  ] {1850-01-01 00:00:00} clk=1850-01-01-01/24->2050-12-31-01  clock=58375382400  dt=3600
[II] {LandscapeDNDC ModelCompositor<0> 1850-01-01 00:00:00} seeing 1 models
[II] {MoBiLE Legacy MasterControlProgram<0> 1850-01-01 00:00:00} Using MoBiLE section "/mobile"
[II] {MoBiLE Legacy MasterControlProgram<0> 1850-01-01 00:00:00} seeing 11 MoBiLE module(s)
[II] {1850-01-01 00:00:00} STRATUM (0-0.002m) 1:
[II] {1850-01-01 00:00:00} Determined soil type of stratum 1: sandy loam
[II] {1850-01-01 00:00:00} Stone fraction of stratum 1 not initialized, estimated value: 0 [m3 m-3]
[II] {1850-01-01 00:00:00} Iron content of stratum 1 not initialized, estimated value: 0.01 [g g-1]
[II] {1850-01-01 00:00:00} Total nitrogen content of stratum 1 not initialized, estimated value: 0.000782856 [g g-1]
[II] {1850-01-01 00:00:00} Porosity of stratum 1 not initialized, estimated value (without stones): 41.4506 [%]
[II] {1850-01-01 00:00:00} van Genuchten parameter n of stratum 1 not initialized, estimated value: 1.89 [-]
[II] {1850-01-01 00:00:00} van Genuchten parameter alpha of stratum 1 not initialized, estimated value is 7.5 [m-1]
[II] {1850-01-01 00:00:00} Maximum water filled pore space of stratum 1 not initialized, estimated value: 0.938686
[II] {1850-01-01 00:00:00} Minimum water filled pore space of stratum 1 not initialized, estimated value: 0.20555
[II] {1850-01-01 00:00:00} Minimum water filled pore space exceeded wilting point in stratum 1. Minimum water filled pore space changed to: 0.146299 [m3 m-3]
[II] {1850-01-01 00:00:00} STRATUM (0.002-0.005m) 2:
[II] {1850-01-01 00:00:00} Determined soil type of stratum 2: sandy loam
[II] {1850-01-01 00:00:00} Stone fraction of stratum 2 not initialized, estimated value: 0 [m3 m-3]
[II] {1850-01-01 00:00:00} Iron content of stratum 2 not initialized, estimated value: 0.01 [g g-1]
[II] {1850-01-01 00:00:00} Total nitrogen content of stratum 2 not initialized, estimated value: 0.000793402 [g g-1]
[II] {1850-01-01 00:00:00} Porosity of stratum 2 not initialized, estimated value (without stones): 41.4506 [%]
[II] {1850-01-01 00:00:00} van Genuchten parameter n of stratum 2 not initialized, estimated value: 1.89 [-]
[II] {1850-01-01 00:00:00} van Genuchten parameter alpha of stratum 2 not initialized, estimated value is 7.5 [m-1]
[II] {1850-01-01 00:00:00} Maximum water filled pore space of stratum 2 not initialized, estimated value: 0.938686
[II] {1850-01-01 00:00:00} Minimum water filled pore space of stratum 2 not initialized, estimated value: 0.20555
[II] {1850-01-01 00:00:00} Minimum water filled pore space exceeded wilting point in stratum 2. Minimum water filled pore space changed to: 0.146299 [m3 m-3]
[II] {1850-01-01 00:00:00} STRATUM (0.005-0.01m) 3:
[II] {1850-01-01 00:00:00} Determined soil type of stratum 3: sandy loam
[II] {1850-01-01 00:00:00} Stone fraction of stratum 3 not initialized, estimated value: 0 [m3 m-3]
[II] {1850-01-01 00:00:00} Iron content of stratum 3 not initialized, estimated value: 0.01 [g g-1]
[II] {1850-01-01 00:00:00} Total nitrogen content of stratum 3 not initialized, estimated value: 0.000801939 [g g-1]
[II] {1850-01-01 00:00:00} Porosity of stratum 3 not initialized, estimated value (without stones): 41.4943 [%]
[II] {1850-01-01 00:00:00} van Genuchten parameter n of stratum 3 not initialized, estimated value: 1.89 [-]
[II] {1850-01-01 00:00:00} van Genuchten parameter alpha of stratum 3 not initialized, estimated value is 7.5 [m-1]
[II] {1850-01-01 00:00:00} Maximum water filled pore space of stratum 3 not initialized, estimated value: 0.93882
[II] {1850-01-01 00:00:00} Minimum water filled pore space of stratum 3 not initialized, estimated value: 0.207884
[II] {1850-01-01 00:00:00} Minimum water filled pore space exceeded wilting point in stratum 3. Minimum water filled pore space changed to: 0.149606 [m3 m-3]
[II] {1850-01-01 00:00:00} STRATUM (0.01-0.02m) 4:
[II] {1850-01-01 00:00:00} Determined soil type of stratum 4: sandy loam
[II] {1850-01-01 00:00:00} Stone fraction of stratum 4 not initialized, estimated value: 0 [m3 m-3]
[II] {1850-01-01 00:00:00} Iron content of stratum 4 not initialized, estimated value: 0.01 [g g-1]
[II] {1850-01-01 00:00:00} Total nitrogen content of stratum 4 not initialized, estimated value: 0.000688816 [g g-1]
[II] {1850-01-01 00:00:00} Porosity of stratum 4 not initialized, estimated value (without stones): 41.9779 [%]
[II] {1850-01-01 00:00:00} van Genuchten parameter n of stratum 4 not initialized, estimated value: 1.89 [-]
[II] {1850-01-01 00:00:00} van Genuchten parameter alpha of stratum 4 not initialized, estimated value is 7.5 [m-1]
[II] {1850-01-01 00:00:00} Maximum water filled pore space of stratum 4 not initialized, estimated value: 0.941086
[II] {1850-01-01 00:00:00} Minimum water filled pore space of stratum 4 not initialized, estimated value: 0.247488
[II] {1850-01-01 00:00:00} Minimum water filled pore space exceeded wilting point in stratum 4. Minimum water filled pore space changed to: 0.207941 [m3 m-3]
[II] {1850-01-01 00:00:00} STRATUM (0.02-0.04m) 5:
[II] {1850-01-01 00:00:00} Determined soil type of stratum 5: sandy clay loam
[II] {1850-01-01 00:00:00} Stone fraction of stratum 5 not initialized, estimated value: 0 [m3 m-3]
[II] {1850-01-01 00:00:00} Iron content of stratum 5 not initialized, estimated value: 0.01 [g g-1]
[II] {1850-01-01 00:00:00} Total nitrogen content of stratum 5 not initialized, estimated value: 0.000353107 [g g-1]
[II] {1850-01-01 00:00:00} Porosity of stratum 5 not initialized, estimated value (without stones): 42.8692 [%]
[II] {1850-01-01 00:00:00} van Genuchten parameter n of stratum 5 not initialized, estimated value: 1.48 [-]
[II] {1850-01-01 00:00:00} van Genuchten parameter alpha of stratum 5 not initialized, estimated value is 5.9 [m-1]
[II] {1850-01-01 00:00:00} Maximum water filled pore space of stratum 5 not initialized, estimated value: 0.944709
[II] {1850-01-01 00:00:00} Minimum water filled pore space of stratum 5 not initialized, estimated value: 0.330182
[II] {1850-01-01 00:00:00} STRATUM (0.04-0.06m) 6:
[II] {1850-01-01 00:00:00} Determined soil type of stratum 6: sandy clay loam
[II] {1850-01-01 00:00:00} Stone fraction of stratum 6 not initialized, estimated value: 0 [m3 m-3]
[II] {1850-01-01 00:00:00} Iron content of stratum 6 not initialized, estimated value: 0.01 [g g-1]
[II] {1850-01-01 00:00:00} Total nitrogen content of stratum 6 not initialized, estimated value: 0.000357614 [g g-1]
[II] {1850-01-01 00:00:00} Porosity of stratum 6 not initialized, estimated value (without stones): 42.7206 [%]
[II] {1850-01-01 00:00:00} van Genuchten parameter n of stratum 6 not initialized, estimated value: 1.48 [-]
[II] {1850-01-01 00:00:00} van Genuchten parameter alpha of stratum 6 not initialized, estimated value is 5.9 [m-1]
[II] {1850-01-01 00:00:00} Maximum water filled pore space of stratum 6 not initialized, estimated value: 0.956222
[II] {1850-01-01 00:00:00} Minimum water filled pore space of stratum 6 not initialized, estimated value: 0.394427
[II] {1850-01-01 00:00:00} STRATUM (0.06-0.08m) 7:
[II] {1850-01-01 00:00:00} Determined soil type of stratum 7: sandy clay loam
[II] {1850-01-01 00:00:00} Stone fraction of stratum 7 not initialized, estimated value: 0 [m3 m-3]
[II] {1850-01-01 00:00:00} Iron content of stratum 7 not initialized, estimated value: 0.01 [g g-1]
[II] {1850-01-01 00:00:00} Total nitrogen content of stratum 7 not initialized, estimated value: 0.000348253 [g g-1]
[II] {1850-01-01 00:00:00} Porosity of stratum 7 not initialized, estimated value (without stones): 42.7621 [%]
[II] {1850-01-01 00:00:00} van Genuchten parameter n of stratum 7 not initialized, estimated value: 1.48 [-]
[II] {1850-01-01 00:00:00} van Genuchten parameter alpha of stratum 7 not initialized, estimated value is 5.9 [m-1]
[II] {1850-01-01 00:00:00} Maximum water filled pore space of stratum 7 not initialized, estimated value: 0.957719
[II] {1850-01-01 00:00:00} Minimum water filled pore space of stratum 7 not initialized, estimated value: 0.406146
[II] {1850-01-01 00:00:00} STRATUM (0.08-0.1m) 8:
[II] {1850-01-01 00:00:00} Determined soil type of stratum 8: sandy clay loam
[II] {1850-01-01 00:00:00} Stone fraction of stratum 8 not initialized, estimated value: 0 [m3 m-3]
[II] {1850-01-01 00:00:00} Iron content of stratum 8 not initialized, estimated value: 0.01 [g g-1]
[II] {1850-01-01 00:00:00} Total nitrogen content of stratum 8 not initialized, estimated value: 0.000304545 [g g-1]
[II] {1850-01-01 00:00:00} Porosity of stratum 8 not initialized, estimated value (without stones): 42.2609 [%]
[II] {1850-01-01 00:00:00} van Genuchten parameter n of stratum 8 not initialized, estimated value: 1.48 [-]
[II] {1850-01-01 00:00:00} van Genuchten parameter alpha of stratum 8 not initialized, estimated value is 5.9 [m-1]
[II] {1850-01-01 00:00:00} Maximum water filled pore space of stratum 8 not initialized, estimated value: 0.95877
[II] {1850-01-01 00:00:00} Minimum water filled pore space of stratum 8 not initialized, estimated value: 0.408628
[II] {1850-01-01 00:00:00} STRATUM (0.1-0.12m) 9:
[II] {1850-01-01 00:00:00} Determined soil type of stratum 9: sandy clay loam
[II] {1850-01-01 00:00:00} Stone fraction of stratum 9 not initialized, estimated value: 0 [m3 m-3]
[II] {1850-01-01 00:00:00} Iron content of stratum 9 not initialized, estimated value: 0.01 [g g-1]
[II] {1850-01-01 00:00:00} Total nitrogen content of stratum 9 not initialized, estimated value: 0.000230413 [g g-1]
[II] {1850-01-01 00:00:00} Porosity of stratum 9 not initialized, estimated value (without stones): 41.8823 [%]
[II] {1850-01-01 00:00:00} van Genuchten parameter n of stratum 9 not initialized, estimated value: 1.48 [-]
[II] {1850-01-01 00:00:00} van Genuchten parameter alpha of stratum 9 not initialized, estimated value is 5.9 [m-1]
[II] {1850-01-01 00:00:00} Maximum water filled pore space of stratum 9 not initialized, estimated value: 0.961914
[II] {1850-01-01 00:00:00} Minimum water filled pore space of stratum 9 not initialized, estimated value: 0.429375
[II] {1850-01-01 00:00:00} STRATUM (0.12-0.14m) 10:
[II] {1850-01-01 00:00:00} Determined soil type of stratum 10: sandy clay loam
[II] {1850-01-01 00:00:00} Stone fraction of stratum 10 not initialized, estimated value: 0 [m3 m-3]
[II] {1850-01-01 00:00:00} Iron content of stratum 10 not initialized, estimated value: 0.01 [g g-1]
[II] {1850-01-01 00:00:00} Total nitrogen content of stratum 10 not initialized, estimated value: 0.00022423 [g g-1]
[II] {1850-01-01 00:00:00} Porosity of stratum 10 not initialized, estimated value (without stones): 41.4132 [%]
[II] {1850-01-01 00:00:00} van Genuchten parameter n of stratum 10 not initialized, estimated value: 1.48 [-]
[II] {1850-01-01 00:00:00} van Genuchten parameter alpha of stratum 10 not initialized, estimated value is 5.9 [m-1]
[II] {1850-01-01 00:00:00} Maximum water filled pore space of stratum 10 not initialized, estimated value: 0.963282
[II] {1850-01-01 00:00:00} Minimum water filled pore space of stratum 10 not initialized, estimated value: 0.429425
[II] {1850-01-01 00:00:00} STRATUM (0.14-0.16m) 11:
[II] {1850-01-01 00:00:00} Determined soil type of stratum 11: sandy clay loam
[II] {1850-01-01 00:00:00} Stone fraction of stratum 11 not initialized, estimated value: 0 [m3 m-3]
[II] {1850-01-01 00:00:00} Iron content of stratum 11 not initialized, estimated value: 0.01 [g g-1]
[II] {1850-01-01 00:00:00} Total nitrogen content of stratum 11 not initialized, estimated value: 0.000217955 [g g-1]
[II] {1850-01-01 00:00:00} Porosity of stratum 11 not initialized, estimated value (without stones): 40.8667 [%]
[II] {1850-01-01 00:00:00} van Genuchten parameter n of stratum 11 not initialized, estimated value: 1.48 [-]
[II] {1850-01-01 00:00:00} van Genuchten parameter alpha of stratum 11 not initialized, estimated value is 5.9 [m-1]
[II] {1850-01-01 00:00:00} Maximum water filled pore space of stratum 11 not initialized, estimated value: 0.967968
[II] {1850-01-01 00:00:00} Minimum water filled pore space of stratum 11 not initialized, estimated value: 0.4477
[II] {1850-01-01 00:00:00} STRATUM (0.16-0.18m) 12:
[II] {1850-01-01 00:00:00} Determined soil type of stratum 12: sandy clay loam
[II] {1850-01-01 00:00:00} Stone fraction of stratum 12 not initialized, estimated value: 0 [m3 m-3]
[II] {1850-01-01 00:00:00} Iron content of stratum 12 not initialized, estimated value: 0.01 [g g-1]
[II] {1850-01-01 00:00:00} Total nitrogen content of stratum 12 not initialized, estimated value: 0.000218695 [g g-1]
[II] {1850-01-01 00:00:00} Porosity of stratum 12 not initialized, estimated value (without stones): 41.512 [%]
[II] {1850-01-01 00:00:00} van Genuchten parameter n of stratum 12 not initialized, estimated value: 1.48 [-]
[II] {1850-01-01 00:00:00} van Genuchten parameter alpha of stratum 12 not initialized, estimated value is 5.9 [m-1]
[II] {1850-01-01 00:00:00} Maximum water filled pore space of stratum 12 not initialized, estimated value: 0.964917
[II] {1850-01-01 00:00:00} Minimum water filled pore space of stratum 12 not initialized, estimated value: 0.44194
[II] {1850-01-01 00:00:00} STRATUM (0.18-0.2m) 13:
[II] {1850-01-01 00:00:00} Determined soil type of stratum 13: silty loam
[II] {1850-01-01 00:00:00} Stone fraction of stratum 13 not initialized, estimated value: 0 [m3 m-3]
[II] {1850-01-01 00:00:00} Iron content of stratum 13 not initialized, estimated value: 0.01 [g g-1]
[II] {1850-01-01 00:00:00} Total nitrogen content of stratum 13 not initialized, estimated value: 0.000112616 [g g-1]
[II] {1850-01-01 00:00:00} Porosity of stratum 13 not initialized, estimated value (without stones): 78.8418 [%]
[II] {1850-01-01 00:00:00} van Genuchten parameter n of stratum 13 not initialized, estimated value: 1.41 [-]
[II] {1850-01-01 00:00:00} van Genuchten parameter alpha of stratum 13 not initialized, estimated value is 2 [m-1]
[II] {1850-01-01 00:00:00} Maximum water filled pore space of stratum 13 not initialized, estimated value: 0.838099
[II] {1850-01-01 00:00:00} Minimum water filled pore space of stratum 13 not initialized, estimated value: 0.0930975
node 0: normal termination.
