Restoring modules from user's R_processing, for system: "ch"

Attaching package: ‘dplyr’

The following objects are masked from ‘package:stats’:

    filter, lag

The following objects are masked from ‘package:base’:

    intersect, setdiff, setequal, union

Loading required package: foreach
Loading required package: iterators
Loading required package: parallel

Attaching package: ‘data.table’

The following object is masked from ‘package:tictoc’:

    shift

The following objects are masked from ‘package:dplyr’:

    between, first, last

Starting county
Starting county
Starting county
Starting county
Starting county
Starting county
Starting county
Starting county
Starting county
Starting county
Starting county
Starting county
Starting county
Starting county
Starting county
Starting county
Starting county
Starting county
Starting county
Starting county
Starting county
Starting county
Starting county
Starting county
Starting county
Starting county
Starting county
Starting county
Starting county
Starting county
Starting county
Starting county
Starting county
Starting county
Starting county
Starting county
Error in serialize(data, node$con, xdr = FALSE) : 
  error writing to connection
Calls: %dopar% ... postNode -> sendData -> sendData.SOCK0node -> serialize
Execution halted
